2023-04-10 14:50:07,441-root=INFO-24-Data Ingstion has been started
2023-04-10 14:50:07,448-root=INFO-27-Data Read Successfully
2023-04-10 14:50:07,449-root=INFO-31-Data split has been initiated
2023-04-10 14:50:07,467-root=INFO-37-Ingestion of Data has been succesfully 
2023-04-10 14:50:07,484-root=INFO-77-Read the Train and Test data
2023-04-10 14:50:07,484-root=INFO-78-Obtained the Preprocessor
2023-04-10 14:50:07,495-root=INFO-48-Pipeline has been created..
2023-04-10 14:50:07,495-root=INFO-49-numeric and categorical has been created..
2023-04-10 14:50:07,496-root=INFO-51-our Categorical Features are Index(['sex', 'smoker', 'region'], dtype='object') 
2023-04-10 14:50:07,496-root=INFO-52-our Numeric Features are: Index(['age', 'bmi', 'children'], dtype='object')
2023-04-10 14:50:07,497-root=INFO-91-x_train, y_train and x_test,y_test getted successfully
2023-04-10 14:50:07,514-root=INFO-96-fit and transform the data using preprocessing object using pipelina and columntransformer
2023-04-10 14:50:07,514-root=INFO-100-train array and test array are created after the fit and transform
2023-04-10 14:50:07,517-root=INFO-29-Splitting Training and Test Data
2023-04-10 14:50:07,518-root=INFO-45-All the Models for the Training are defined
2023-04-10 14:50:07,518-root=INFO-47-Creating a Report using utils model evalute function by giving train and test data
2023-04-10 14:50:07,518-root=INFO-49-Initalize paramter creation...
2023-04-10 14:50:07,518-root=INFO-26-Training the Models
2023-04-10 14:50:15,243-root=INFO-41-Predict the train score and test score using the r2 score
2023-04-10 14:50:15,245-root=INFO-91-Find the Best Model With the higest Accuracy
2023-04-10 14:50:15,375-root=INFO-98-Model has been saved Successfully
